<?xml version="1.0" encoding="UTF-8"?>
<testsuite xmlns:xsi="http://www.w3.org/2001/XMLSchema-instance" xsi:noNamespaceSchemaLocation="https://maven.apache.org/surefire/maven-surefire-plugin/xsd/surefire-test-report-3.0.xsd" version="3.0" name="de.legal.crawler.service.SitemapCrawlerServiceTest" time="2.783" tests="3" errors="0" skipped="0" failures="0">
  <properties>
[...]
</properties>
  <testcase name="testDocumentEntryExtractions" classname="de.legal.crawler.service.SitemapCrawlerServiceTest" time="0.247">
    <system-out><![CDATA[06:48:28.021 [main] INFO org.springframework.test.context.support.AnnotationConfigContextLoaderUtils -- Could not detect default configuration classes for test class [de.legal.crawler.service.SitemapCrawlerServiceTest]: SitemapCrawlerServiceTest does not declare any static, non-private, non-final, nested classes annotated with @Configuration.
06:48:28.066 [main] INFO org.springframework.boot.test.context.SpringBootTestContextBootstrapper -- Found @SpringBootConfiguration de.legal.crawler.LawCrawlerServiceApplication for test class de.legal.crawler.service.SitemapCrawlerServiceTest

  .   ____          _            __ _ _
 /\\ / ___'_ __ _ _(_)_ __  __ _ \ \ \ \
( ( )\___ | '_ | '_| | '_ \/ _` | \ \ \ \
 \\/  ___)| |_)| | | | | || (_| |  ) ) ) )
  '  |____| .__|_| |_|_| |_\__, | / / / /
 =========|_|==============|___/=/_/_/_/
 :: Spring Boot ::                (v3.2.2)

2025-08-07 06:48:28 - Starting SitemapCrawlerServiceTest using Java 21.0.6 with PID 20463 (started by mjochum in /home/mjochum/projekte/KI_TESTS/law-crawler-service)
2025-08-07 06:48:28 - Running with Spring Boot v3.2.2, Spring v6.1.3
2025-08-07 06:48:28 - The following 1 profile is active: "test"
2025-08-07 06:48:28 - Bootstrapping Spring Data JPA repositories in DEFAULT mode.
2025-08-07 06:48:28 - Finished Spring Data repository scanning in 18 ms. Found 2 JPA repository interfaces.
2025-08-07 06:48:28 - No LoadTimeWeaver setup: ignoring JPA class transformer
2025-08-07 06:48:28 - HikariPool-1 - Starting...
2025-08-07 06:48:29 - HikariPool-1 - Added connection conn0: url=jdbc:h2:mem:testdb user=SA
2025-08-07 06:48:29 - HikariPool-1 - Start completed.
2025-08-07 06:48:29 - HHH90000025: H2Dialect does not need to be specified explicitly using 'hibernate.dialect' (remove the property setting and it will be selected by default)
2025-08-07 06:48:29 - Initialized JPA EntityManagerFactory for persistence unit 'default'
2025-08-07 06:48:29 - Hibernate is in classpath; If applicable, HQL parser will be used.
2025-08-07 06:48:30 - spring.jpa.open-in-view is enabled by default. Therefore, database queries may be performed during view rendering. Explicitly configure spring.jpa.open-in-view to disable this warning
2025-08-07 06:48:30 - Using default implementation for ThreadExecutor
2025-08-07 06:48:30 - Initialized Scheduler Signaller of type: class org.quartz.core.SchedulerSignalerImpl
2025-08-07 06:48:30 - Quartz Scheduler v.2.3.2 created.
2025-08-07 06:48:30 - RAMJobStore initialized.
2025-08-07 06:48:30 - Scheduler meta-data: Quartz Scheduler (v2.3.2) 'quartzScheduler' with instanceId 'NON_CLUSTERED'
  Scheduler class: 'org.quartz.core.QuartzScheduler' - running locally.
  NOT STARTED.
  Currently in standby mode.
  Number of jobs executed: 0
  Using thread pool 'org.quartz.simpl.SimpleThreadPool' - with 10 threads.
  Using job-store 'org.quartz.simpl.RAMJobStore' - which does not support persistence. and is not clustered.

2025-08-07 06:48:30 - Quartz scheduler 'quartzScheduler' initialized from an externally provided properties instance.
2025-08-07 06:48:30 - Quartz scheduler version: 2.3.2
2025-08-07 06:48:30 - JobFactory set to: org.springframework.scheduling.quartz.SpringBeanJobFactory@36df566
2025-08-07 06:48:30 - H2 console available at '/h2-console'. Database available at 'jdbc:h2:mem:testdb'
2025-08-07 06:48:30 - Exposing 3 endpoint(s) beneath base path '/actuator'
2025-08-07 06:48:30 - Scheduler quartzScheduler_$_NON_CLUSTERED started.
2025-08-07 06:48:30 - Started SitemapCrawlerServiceTest in 2.338 seconds (process running for 2.686)
]]></system-out>
    <system-err><![CDATA[WARNING: A Java agent has been loaded dynamically (/home/mjochum/.m2/repository/net/bytebuddy/byte-buddy-agent/1.14.11/byte-buddy-agent-1.14.11.jar)
WARNING: If a serviceability tool is in use, please run with -XX:+EnableDynamicAgentLoading to hide this warning
WARNING: If a serviceability tool is not in use, please run with -Djdk.instrument.traceUsage for more information
WARNING: Dynamic loading of agents will be disallowed by default in a future release
]]></system-err>
  </testcase>
  <testcase name="testFetchSitemapIndexAsync" classname="de.legal.crawler.service.SitemapCrawlerServiceTest" time="0.002">
    <system-out><![CDATA[2025-08-07 06:48:30 - Fetching sitemap index from: null/jportal/docs/eclicrawler/2025/08/07/sitemap_index_1.xml
]]></system-out>
  </testcase>
  <testcase name="testDocumentIdExtraction" classname="de.legal.crawler.service.SitemapCrawlerServiceTest" time="0.002">
    <system-out><![CDATA[2025-08-07 06:48:30 - Failed to fetch sitemap index for date 2025-08-07: URI with undefined scheme
]]></system-out>
  </testcase>
</testsuite>